<?xml version="1.0" encoding="UTF-8"?>
<!-- Generated by org.testng.reporters.JUnitReportReporter -->
<testsuite hostname="LAPTOP-S895FHK3" failures="0" tests="1" name="testCases.Cart" time="21.409" errors="0" timestamp="2025-09-02T08:12:26 IST" skipped="0">
  <testcase classname="testCases.Cart" name="AddToCart" time="21.409"/>
</testsuite> <!-- testCases.Cart -->
